<?xml version="1.0" encoding="UTF-8"?>
<!-- Generated by org.testng.reporters.JUnitXMLReporter -->
<testsuite ignored="0" hostname="GAGGU" failures="1" tests="1" name="Test1" time="7.857" errors="0" timestamp="2023-10-20T12:17:39 IST">
  <testcase classname="newp.parallelexe" name="test1" time="7.806">
    <failure type="org.openqa.selenium.SessionNotCreatedException" message="session not created: This version of ChromeDriver only supports Chrome version 116
Current browser version is 118.0.5993.89 with binary path C:\Program Files\Google\Chrome\Application\chrome.exe
Build info: version: &amp;apos;3.141.59&amp;apos;, revision: &amp;apos;e82be7d358&amp;apos;, time: &amp;apos;2018-11-14T08:25:53&amp;apos;
System info: host: &amp;apos;GAGGU&amp;apos;, ip: &amp;apos;192.168.1.202&amp;apos;, os.name: &amp;apos;Windows 11&amp;apos;, os.arch: &amp;apos;amd64&amp;apos;, os.version: &amp;apos;10.0&amp;apos;, java.version: &amp;apos;17.0.7&amp;apos;
Driver info: driver.version: ChromeDriver
remote stacktrace: 	GetHandleVerifier [0x00007FF6BAFB52A2+57122]
	(No symbol) [0x00007FF6BAF2EA92]
	(No symbol) [0x00007FF6BADFE3AB]
	(No symbol) [0x00007FF6BAE29FF5]
	(No symbol) [0x00007FF6BAE25237]
	(No symbol) [0x00007FF6BAE22FE1]
	(No symbol) [0x00007FF6BAE5EA4F]
	(No symbol) [0x00007FF6BAE5E5B0]
	(No symbol) [0x00007FF6BAE56DB3]
	(No symbol) [0x00007FF6BAE2D2B1]
	(No symbol) [0x00007FF6BAE2E494]
	GetHandleVerifier [0x00007FF6BB25EF82+2849794]
	GetHandleVerifier [0x00007FF6BB2B1D24+3189156]
	GetHandleVerifier [0x00007FF6BB2AACAF+3160367]
	GetHandleVerifier [0x00007FF6BB046D06+653702]
	(No symbol) [0x00007FF6BAF3A208]
	(No symbol) [0x00007FF6BAF362C4]
	(No symbol) [0x00007FF6BAF363F6]
	(No symbol) [0x00007FF6BAF267A3]
	BaseThreadInitThunk [0x00007FFCB148257D+29]
	RtlUserThreadStart [0x00007FFCB242AA78+40]
">
      <![CDATA[org.openqa.selenium.SessionNotCreatedException: session not created: This version of ChromeDriver only supports Chrome version 116
Current browser version is 118.0.5993.89 with binary path C:\Program Files\Google\Chrome\Application\chrome.exe
Build info: version: '3.141.59', revision: 'e82be7d358', time: '2018-11-14T08:25:53'
System info: host: 'GAGGU', ip: '192.168.1.202', os.name: 'Windows 11', os.arch: 'amd64', os.version: '10.0', java.version: '17.0.7'
Driver info: driver.version: ChromeDriver
remote stacktrace: GetHandleVerifier [0x00007FF6BAFB52A2+57122]
(No symbol) [0x00007FF6BAF2EA92]
(No symbol) [0x00007FF6BADFE3AB]
(No symbol) [0x00007FF6BAE29FF5]
(No symbol) [0x00007FF6BAE25237]
(No symbol) [0x00007FF6BAE22FE1]
(No symbol) [0x00007FF6BAE5EA4F]
(No symbol) [0x00007FF6BAE5E5B0]
(No symbol) [0x00007FF6BAE56DB3]
(No symbol) [0x00007FF6BAE2D2B1]
(No symbol) [0x00007FF6BAE2E494]
GetHandleVerifier [0x00007FF6BB25EF82+2849794]
GetHandleVerifier [0x00007FF6BB2B1D24+3189156]
GetHandleVerifier [0x00007FF6BB2AACAF+3160367]
GetHandleVerifier [0x00007FF6BB046D06+653702]
(No symbol) [0x00007FF6BAF3A208]
(No symbol) [0x00007FF6BAF362C4]
(No symbol) [0x00007FF6BAF363F6]
(No symbol) [0x00007FF6BAF267A3]
BaseThreadInitThunk [0x00007FFCB148257D+29]
RtlUserThreadStart [0x00007FFCB242AA78+40]

at org.openqa.selenium.remote.W3CHandshakeResponse.lambda$errorHandler$0(W3CHandshakeResponse.java:62)
at org.openqa.selenium.remote.HandshakeResponse.lambda$getResponseFunction$0(HandshakeResponse.java:30)
at org.openqa.selenium.remote.ProtocolHandshake.lambda$createSession$0(ProtocolHandshake.java:126)
at java.base/java.util.stream.ReferencePipeline$3$1.accept(ReferencePipeline.java:197)
at java.base/java.util.Spliterators$ArraySpliterator.tryAdvance(Spliterators.java:1002)
at java.base/java.util.stream.ReferencePipeline.forEachWithCancel(ReferencePipeline.java:129)
at java.base/java.util.stream.AbstractPipeline.copyIntoWithCancel(AbstractPipeline.java:527)
at java.base/java.util.stream.AbstractPipeline.copyInto(AbstractPipeline.java:513)
at java.base/java.util.stream.AbstractPipeline.wrapAndCopyInto(AbstractPipeline.java:499)
at java.base/java.util.stream.FindOps$FindOp.evaluateSequential(FindOps.java:150)
at java.base/java.util.stream.AbstractPipeline.evaluate(AbstractPipeline.java:234)
at java.base/java.util.stream.ReferencePipeline.findFirst(ReferencePipeline.java:647)
at org.openqa.selenium.remote.ProtocolHandshake.createSession(ProtocolHandshake.java:128)
at org.openqa.selenium.remote.ProtocolHandshake.createSession(ProtocolHandshake.java:74)
at org.openqa.selenium.remote.HttpCommandExecutor.execute(HttpCommandExecutor.java:136)
at org.openqa.selenium.remote.service.DriverCommandExecutor.execute(DriverCommandExecutor.java:83)
at org.openqa.selenium.remote.RemoteWebDriver.execute(RemoteWebDriver.java:552)
at org.openqa.selenium.remote.RemoteWebDriver.startSession(RemoteWebDriver.java:213)
at org.openqa.selenium.remote.RemoteWebDriver.<init>(RemoteWebDriver.java:131)
at org.openqa.selenium.chrome.ChromeDriver.<init>(ChromeDriver.java:181)
at org.openqa.selenium.chrome.ChromeDriver.<init>(ChromeDriver.java:168)
at org.openqa.selenium.chrome.ChromeDriver.<init>(ChromeDriver.java:123)
at newp.parallelexe.test1(parallelexe.java:26)
at java.base/java.util.ArrayList.forEach(ArrayList.java:1511)
at java.base/java.util.concurrent.FutureTask.run(FutureTask.java:264)
at java.base/java.util.concurrent.ThreadPoolExecutor.runWorker(ThreadPoolExecutor.java:1136)
at java.base/java.util.concurrent.ThreadPoolExecutor$Worker.run(ThreadPoolExecutor.java:635)
at java.base/java.lang.Thread.run(Thread.java:833)
... Removed 22 stack frames]]>
    </failure>
  </testcase> <!-- test1 -->
</testsuite> <!-- Test1 -->
